<?xml version="1.0" encoding="UTF-8"?>
<robot generator="Robot 5.0.1 (Python 3.10.7 on win32)" generated="20221026 09:31:30.815" rpa="false" schemaversion="3">
<suite id="s1" name="Test 008 009 010" source="d:\Software_testing_final\verkkokauppa.com-Testing-Robot-Selenium\test_cases\test_008_009_010.robot">
<kw name="Open URL" library="TEST_008_009_010_Keyword" type="SETUP">
<kw name="Open Browser" library="SeleniumLibrary">
<arg>${URL}</arg>
<arg>${BROWSER}</arg>
<doc>Opens a new browser instance to the optional ``url``.</doc>
<msg timestamp="20221026 09:31:31.107" level="INFO">Opening browser 'Chrome' to base url 'https://www.verkkokauppa.com/'.</msg>
<msg timestamp="20221026 09:31:34.428" level="INFO">Cannot capture screenshot because no browser is open.</msg>
<msg timestamp="20221026 09:31:34.429" level="FAIL">SessionNotCreatedException: Message: session not created: This version of ChromeDriver only supports Chrome version 105
Current browser version is 107.0.5304.63 with binary path C:\Program Files\Google\Chrome\Application\chrome.exe
Stacktrace:
Backtrace:
	Ordinal0 [0x010DDF13+2219795]
	Ordinal0 [0x01072841+1779777]
	Ordinal0 [0x00F8423D+803389]
	Ordinal0 [0x00FA64AC+943276]
	Ordinal0 [0x00FA19F0+924144]
	Ordinal0 [0x00F9F179+913785]
	Ordinal0 [0x00FD36B9+1128121]
	Ordinal0 [0x00FD331A+1127194]
	Ordinal0 [0x00FCE616+1107478]
	Ordinal0 [0x00FA7F89+950153]
	Ordinal0 [0x00FA8F56+954198]
	GetHandleVerifier [0x013D2CB2+3040210]
	GetHandleVerifier [0x013C2BB4+2974420]
	GetHandleVerifier [0x01176A0A+565546]
	GetHandleVerifier [0x01175680+560544]
	Ordinal0 [0x01079A5C+1808988]
	Ordinal0 [0x0107E3A8+1827752]
	Ordinal0 [0x0107E495+1827989]
	Ordinal0 [0x010880A4+1867940]
	BaseThreadInitThunk [0x76B3FA29+25]
	RtlGetAppContainerNamedObjectPath [0x77127BBE+286]
	RtlGetAppContainerNamedObjectPath [0x77127B8E+238]
</msg>
<status status="FAIL" starttime="20221026 09:31:31.106" endtime="20221026 09:31:34.432"/>
</kw>
<kw name="Maximize Browser Window" library="SeleniumLibrary">
<doc>Maximizes current browser window.</doc>
<status status="NOT RUN" starttime="20221026 09:31:34.433" endtime="20221026 09:31:34.433"/>
</kw>
<kw name="Sleep" library="BuiltIn">
<arg>2s</arg>
<doc>Pauses the test executed for the given time.</doc>
<status status="NOT RUN" starttime="20221026 09:31:34.433" endtime="20221026 09:31:34.433"/>
</kw>
<status status="FAIL" starttime="20221026 09:31:31.106" endtime="20221026 09:31:34.433"/>
</kw>
<test id="s1-t1" name="Registered user must be able to login with correct username and password" line="15">
<tag>user_login</tag>
<status status="FAIL" starttime="20221026 09:31:34.434" endtime="20221026 09:31:34.436">Parent suite setup failed:
SessionNotCreatedException: Message: session not created: This version of ChromeDriver only supports Chrome version 105
Current browser version is 107.0.5304.63 with binary path C:\Program Files\Google\Chrome\Application\chrome.exe
Stacktrace:
Backtrace:
	Ordinal0 [0x010DDF13+2219795]
	Ordinal0 [0x01072841+1779777]
	Ordinal0 [0x00F8423D+803389]
	Ordinal0 [0x00FA64AC+943276]
	Ordinal0 [0x00FA19F0+924144]
	Ordinal0 [0x00F9F179+913785]
	Ordinal0 [0x00FD36B9+1128121]
	Ordinal0 [0x00FD331A+1127194]
	Ordinal0 [0x00FCE616+1107478]
	Ordinal0 [0x00FA7F89+950153]
	Ordinal0 [0x00FA8F56+954198]
	GetHandleVerifier [0x013D2CB2+3040210]
	GetHandleVerifier [0x013C2BB4+2974420]
	GetHandleVerifier [0x01176A0A+565546]
	GetHandleVerifier [0x01175680+560544]
	Ordinal0 [0x01079A5C+1808988]
	Ordinal0 [0x0107E3A8+1827752]
	Ordinal0 [0x0107E495+1827989]
	Ordinal0 [0x010880A4+1867940]
	BaseThreadInitThunk [0x76B3FA29+25]
	RtlGetAppContainerNamedObjectPath [0x77127BBE+286]
	RtlGetAppContainerNamedObjectPath [0x77127B8E+238]
</status>
</test>
<test id="s1-t2" name="Authenciated user must be able to add products into favourites" line="23">
<tag>add_to_fav</tag>
<status status="FAIL" starttime="20221026 09:31:34.443" endtime="20221026 09:31:34.444">Parent suite setup failed:
SessionNotCreatedException: Message: session not created: This version of ChromeDriver only supports Chrome version 105
Current browser version is 107.0.5304.63 with binary path C:\Program Files\Google\Chrome\Application\chrome.exe
Stacktrace:
Backtrace:
	Ordinal0 [0x010DDF13+2219795]
	Ordinal0 [0x01072841+1779777]
	Ordinal0 [0x00F8423D+803389]
	Ordinal0 [0x00FA64AC+943276]
	Ordinal0 [0x00FA19F0+924144]
	Ordinal0 [0x00F9F179+913785]
	Ordinal0 [0x00FD36B9+1128121]
	Ordinal0 [0x00FD331A+1127194]
	Ordinal0 [0x00FCE616+1107478]
	Ordinal0 [0x00FA7F89+950153]
	Ordinal0 [0x00FA8F56+954198]
	GetHandleVerifier [0x013D2CB2+3040210]
	GetHandleVerifier [0x013C2BB4+2974420]
	GetHandleVerifier [0x01176A0A+565546]
	GetHandleVerifier [0x01175680+560544]
	Ordinal0 [0x01079A5C+1808988]
	Ordinal0 [0x0107E3A8+1827752]
	Ordinal0 [0x0107E495+1827989]
	Ordinal0 [0x010880A4+1867940]
	BaseThreadInitThunk [0x76B3FA29+25]
	RtlGetAppContainerNamedObjectPath [0x77127BBE+286]
	RtlGetAppContainerNamedObjectPath [0x77127B8E+238]
</status>
</test>
<test id="s1-t3" name="Authenciated user must be able to logout from their account" line="30">
<tag>user_logout</tag>
<status status="FAIL" starttime="20221026 09:31:34.450" endtime="20221026 09:31:34.451">Parent suite setup failed:
SessionNotCreatedException: Message: session not created: This version of ChromeDriver only supports Chrome version 105
Current browser version is 107.0.5304.63 with binary path C:\Program Files\Google\Chrome\Application\chrome.exe
Stacktrace:
Backtrace:
	Ordinal0 [0x010DDF13+2219795]
	Ordinal0 [0x01072841+1779777]
	Ordinal0 [0x00F8423D+803389]
	Ordinal0 [0x00FA64AC+943276]
	Ordinal0 [0x00FA19F0+924144]
	Ordinal0 [0x00F9F179+913785]
	Ordinal0 [0x00FD36B9+1128121]
	Ordinal0 [0x00FD331A+1127194]
	Ordinal0 [0x00FCE616+1107478]
	Ordinal0 [0x00FA7F89+950153]
	Ordinal0 [0x00FA8F56+954198]
	GetHandleVerifier [0x013D2CB2+3040210]
	GetHandleVerifier [0x013C2BB4+2974420]
	GetHandleVerifier [0x01176A0A+565546]
	GetHandleVerifier [0x01175680+560544]
	Ordinal0 [0x01079A5C+1808988]
	Ordinal0 [0x0107E3A8+1827752]
	Ordinal0 [0x0107E495+1827989]
	Ordinal0 [0x010880A4+1867940]
	BaseThreadInitThunk [0x76B3FA29+25]
	RtlGetAppContainerNamedObjectPath [0x77127BBE+286]
	RtlGetAppContainerNamedObjectPath [0x77127B8E+238]
</status>
</test>
<status status="FAIL" starttime="20221026 09:31:30.821" endtime="20221026 09:31:34.458">Suite setup failed:
SessionNotCreatedException: Message: session not created: This version of ChromeDriver only supports Chrome version 105
Current browser version is 107.0.5304.63 with binary path C:\Program Files\Google\Chrome\Application\chrome.exe
Stacktrace:
Backtrace:
	Ordinal0 [0x010DDF13+2219795]
	Ordinal0 [0x01072841+1779777]
	Ordinal0 [0x00F8423D+803389]
	Ordinal0 [0x00FA64AC+943276]
	Ordinal0 [0x00FA19F0+924144]
	Ordinal0 [0x00F9F179+913785]
	Ordinal0 [0x00FD36B9+1128121]
	Ordinal0 [0x00FD331A+1127194]
	Ordinal0 [0x00FCE616+1107478]
	Ordinal0 [0x00FA7F89+950153]
	Ordinal0 [0x00FA8F56+954198]
	GetHandleVerifier [0x013D2CB2+3040210]
	GetHandleVerifier [0x013C2BB4+2974420]
	GetHandleVerifier [0x01176A0A+565546]
	GetHandleVerifier [0x01175680+560544]
	Ordinal0 [0x01079A5C+1808988]
	Ordinal0 [0x0107E3A8+1827752]
	Ordinal0 [0x0107E495+1827989]
	Ordinal0 [0x010880A4+1867940]
	BaseThreadInitThunk [0x76B3FA29+25]
	RtlGetAppContainerNamedObjectPath [0x77127BBE+286]
	RtlGetAppContainerNamedObjectPath [0x77127B8E+238]
</status>
</suite>
<statistics>
<total>
<stat pass="0" fail="3" skip="0">All Tests</stat>
</total>
<tag>
<stat pass="0" fail="1" skip="0">add_to_fav</stat>
<stat pass="0" fail="1" skip="0">user_login</stat>
<stat pass="0" fail="1" skip="0">user_logout</stat>
</tag>
<suite>
<stat pass="0" fail="3" skip="0" id="s1" name="Test 008 009 010">Test 008 009 010</stat>
</suite>
</statistics>
<errors>
</errors>
</robot>
